{"D:\\DEV\\EDU\\Clicker\\__mocks__\\zustand.ts": {"path":"D:\\DEV\\EDU\\Clicker\\__mocks__\\zustand.ts","all":false,"statementMap":{"0":{"start":{"line":1,"column":0},"end":{"line":1,"column":35}},"1":{"start":{"line":2,"column":0},"end":{"line":2,"column":45}},"2":{"start":{"line":3,"column":0},"end":{"line":3,"column":0}},"3":{"start":{"line":4,"column":0},"end":{"line":4,"column":71}},"4":{"start":{"line":5,"column":0},"end":{"line":5,"column":11}},"5":{"start":{"line":6,"column":0},"end":{"line":6,"column":2}},"6":{"start":{"line":7,"column":0},"end":{"line":7,"column":0}},"7":{"start":{"line":8,"column":0},"end":{"line":8,"column":72}},"8":{"start":{"line":9,"column":0},"end":{"line":9,"column":51}},"9":{"start":{"line":10,"column":0},"end":{"line":10,"column":0}},"10":{"start":{"line":11,"column":0},"end":{"line":11,"column":71}},"11":{"start":{"line":12,"column":0},"end":{"line":12,"column":43}},"12":{"start":{"line":13,"column":0},"end":{"line":13,"column":40}},"13":{"start":{"line":14,"column":0},"end":{"line":14,"column":27}},"14":{"start":{"line":15,"column":0},"end":{"line":15,"column":39}},"15":{"start":{"line":16,"column":0},"end":{"line":16,"column":5}},"16":{"start":{"line":17,"column":0},"end":{"line":17,"column":15}},"17":{"start":{"line":18,"column":0},"end":{"line":18,"column":2}},"18":{"start":{"line":19,"column":0},"end":{"line":19,"column":0}},"19":{"start":{"line":20,"column":0},"end":{"line":20,"column":97}},"20":{"start":{"line":21,"column":0},"end":{"line":21,"column":70}},"21":{"start":{"line":22,"column":0},"end":{"line":22,"column":41}},"22":{"start":{"line":23,"column":0},"end":{"line":23,"column":43}},"23":{"start":{"line":24,"column":0},"end":{"line":24,"column":35}},"24":{"start":{"line":25,"column":0},"end":{"line":25,"column":22}},"25":{"start":{"line":26,"column":0},"end":{"line":26,"column":28}},"26":{"start":{"line":27,"column":0},"end":{"line":27,"column":0}},"27":{"start":{"line":28,"column":0},"end":{"line":28,"column":39}},"28":{"start":{"line":29,"column":0},"end":{"line":29,"column":17}},"29":{"start":{"line":30,"column":0},"end":{"line":30,"column":13}},"30":{"start":{"line":31,"column":0},"end":{"line":31,"column":40}},"31":{"start":{"line":32,"column":0},"end":{"line":32,"column":16}},"32":{"start":{"line":33,"column":0},"end":{"line":33,"column":7}},"33":{"start":{"line":34,"column":0},"end":{"line":34,"column":5}},"34":{"start":{"line":35,"column":0},"end":{"line":35,"column":3}}},"s":{"0":1,"1":1,"2":1,"3":1,"4":1,"5":1,"6":1,"7":1,"8":1,"9":1,"10":1,"11":4,"12":4,"13":4,"14":9,"15":9,"16":4,"17":4,"18":1,"19":1,"20":1,"21":4,"22":4,"23":0,"24":4,"25":4,"26":1,"27":1,"28":1,"29":9,"30":9,"31":9,"32":9,"33":9,"34":9},"branchMap":{"0":{"type":"branch","line":11,"loc":{"start":{"line":11,"column":24},"end":{"line":18,"column":2}},"locations":[{"start":{"line":11,"column":24},"end":{"line":18,"column":2}}]},"1":{"type":"branch","line":14,"loc":{"start":{"line":14,"column":20},"end":{"line":16,"column":5}},"locations":[{"start":{"line":14,"column":20},"end":{"line":16,"column":5}}]},"2":{"type":"branch","line":21,"loc":{"start":{"line":21,"column":23},"end":{"line":26,"column":28}},"locations":[{"start":{"line":21,"column":23},"end":{"line":26,"column":28}}]},"3":{"type":"branch","line":23,"loc":{"start":{"line":23,"column":33},"end":{"line":24,"column":35}},"locations":[{"start":{"line":23,"column":33},"end":{"line":24,"column":35}}]},"4":{"type":"branch","line":29,"loc":{"start":{"line":29,"column":10},"end":{"line":35,"column":3}},"locations":[{"start":{"line":29,"column":10},"end":{"line":35,"column":3}}]},"5":{"type":"branch","line":30,"loc":{"start":{"line":30,"column":6},"end":{"line":34,"column":5}},"locations":[{"start":{"line":30,"column":6},"end":{"line":34,"column":5}}]},"6":{"type":"branch","line":31,"loc":{"start":{"line":31,"column":26},"end":{"line":33,"column":7}},"locations":[{"start":{"line":31,"column":26},"end":{"line":33,"column":7}}]}},"b":{"0":[4],"1":[9],"2":[4],"3":[0],"4":[9],"5":[9],"6":[9]},"fnMap":{"0":{"name":"createUncurried","decl":{"start":{"line":11,"column":24},"end":{"line":18,"column":2}},"loc":{"start":{"line":11,"column":24},"end":{"line":18,"column":2}},"line":11},"1":{"name":"create","decl":{"start":{"line":21,"column":23},"end":{"line":26,"column":28}},"loc":{"start":{"line":21,"column":23},"end":{"line":26,"column":28}},"line":21}},"f":{"0":4,"1":4}}
,"D:\\DEV\\EDU\\Clicker\\src\\store.ts": {"path":"D:\\DEV\\EDU\\Clicker\\src\\store.ts","all":false,"statementMap":{"0":{"start":{"line":1,"column":0},"end":{"line":1,"column":33}},"1":{"start":{"line":2,"column":0},"end":{"line":2,"column":64}},"2":{"start":{"line":3,"column":0},"end":{"line":3,"column":0}},"3":{"start":{"line":4,"column":0},"end":{"line":4,"column":40}},"4":{"start":{"line":5,"column":0},"end":{"line":5,"column":0}},"5":{"start":{"line":6,"column":0},"end":{"line":6,"column":14}},"6":{"start":{"line":7,"column":0},"end":{"line":7,"column":17}},"7":{"start":{"line":8,"column":0},"end":{"line":8,"column":23}},"8":{"start":{"line":9,"column":0},"end":{"line":9,"column":10}},"9":{"start":{"line":10,"column":0},"end":{"line":10,"column":20}},"10":{"start":{"line":11,"column":0},"end":{"line":11,"column":31}},"11":{"start":{"line":12,"column":0},"end":{"line":12,"column":4}},"12":{"start":{"line":13,"column":0},"end":{"line":13,"column":2}},"13":{"start":{"line":14,"column":0},"end":{"line":14,"column":0}},"14":{"start":{"line":15,"column":0},"end":{"line":15,"column":16}},"15":{"start":{"line":16,"column":0},"end":{"line":16,"column":26}},"16":{"start":{"line":17,"column":0},"end":{"line":17,"column":31}},"17":{"start":{"line":18,"column":0},"end":{"line":18,"column":59}},"18":{"start":{"line":19,"column":0},"end":{"line":19,"column":2}},"19":{"start":{"line":20,"column":0},"end":{"line":20,"column":0}},"20":{"start":{"line":21,"column":0},"end":{"line":21,"column":21}},"21":{"start":{"line":22,"column":0},"end":{"line":22,"column":5}},"22":{"start":{"line":23,"column":0},"end":{"line":23,"column":21}},"23":{"start":{"line":24,"column":0},"end":{"line":24,"column":14}},"24":{"start":{"line":25,"column":0},"end":{"line":25,"column":24}},"25":{"start":{"line":26,"column":0},"end":{"line":26,"column":35}},"26":{"start":{"line":27,"column":0},"end":{"line":27,"column":8}},"27":{"start":{"line":28,"column":0},"end":{"line":28,"column":5}},"28":{"start":{"line":29,"column":0},"end":{"line":29,"column":14}},"29":{"start":{"line":30,"column":0},"end":{"line":30,"column":0}},"30":{"start":{"line":31,"column":0},"end":{"line":31,"column":31}},"31":{"start":{"line":32,"column":0},"end":{"line":32,"column":68}},"32":{"start":{"line":33,"column":0},"end":{"line":33,"column":12}},"33":{"start":{"line":34,"column":0},"end":{"line":34,"column":14}},"34":{"start":{"line":35,"column":0},"end":{"line":35,"column":2}},"35":{"start":{"line":36,"column":0},"end":{"line":36,"column":0}},"36":{"start":{"line":37,"column":0},"end":{"line":37,"column":25}},"37":{"start":{"line":38,"column":0},"end":{"line":38,"column":37}},"38":{"start":{"line":39,"column":0},"end":{"line":39,"column":37}},"39":{"start":{"line":40,"column":0},"end":{"line":40,"column":6}},"40":{"start":{"line":41,"column":0},"end":{"line":41,"column":49}},"41":{"start":{"line":42,"column":0},"end":{"line":42,"column":47}},"42":{"start":{"line":43,"column":0},"end":{"line":43,"column":2}},"43":{"start":{"line":44,"column":0},"end":{"line":44,"column":0}},"44":{"start":{"line":45,"column":0},"end":{"line":45,"column":43}},"45":{"start":{"line":46,"column":0},"end":{"line":46,"column":10}},"46":{"start":{"line":47,"column":0},"end":{"line":47,"column":20}},"47":{"start":{"line":48,"column":0},"end":{"line":48,"column":16}},"48":{"start":{"line":49,"column":0},"end":{"line":49,"column":22}},"49":{"start":{"line":50,"column":0},"end":{"line":50,"column":14}},"50":{"start":{"line":51,"column":0},"end":{"line":51,"column":19}},"51":{"start":{"line":52,"column":0},"end":{"line":52,"column":49}},"52":{"start":{"line":53,"column":0},"end":{"line":53,"column":18}},"53":{"start":{"line":54,"column":0},"end":{"line":54,"column":34}},"54":{"start":{"line":55,"column":0},"end":{"line":55,"column":31}},"55":{"start":{"line":56,"column":0},"end":{"line":56,"column":12}},"56":{"start":{"line":57,"column":0},"end":{"line":57,"column":13}},"57":{"start":{"line":58,"column":0},"end":{"line":58,"column":8}},"58":{"start":{"line":59,"column":0},"end":{"line":59,"column":0}},"59":{"start":{"line":60,"column":0},"end":{"line":60,"column":24}},"60":{"start":{"line":61,"column":0},"end":{"line":61,"column":24}},"61":{"start":{"line":62,"column":0},"end":{"line":62,"column":28}},"62":{"start":{"line":63,"column":0},"end":{"line":63,"column":37}},"63":{"start":{"line":64,"column":0},"end":{"line":64,"column":49}},"64":{"start":{"line":65,"column":0},"end":{"line":65,"column":12}},"65":{"start":{"line":66,"column":0},"end":{"line":66,"column":0}},"66":{"start":{"line":67,"column":0},"end":{"line":67,"column":77}},"67":{"start":{"line":68,"column":0},"end":{"line":68,"column":35}},"68":{"start":{"line":69,"column":0},"end":{"line":69,"column":0}},"69":{"start":{"line":70,"column":0},"end":{"line":70,"column":26}},"70":{"start":{"line":71,"column":0},"end":{"line":71,"column":11}},"71":{"start":{"line":72,"column":0},"end":{"line":72,"column":0}},"72":{"start":{"line":73,"column":0},"end":{"line":73,"column":31}},"73":{"start":{"line":74,"column":0},"end":{"line":74,"column":24}},"74":{"start":{"line":75,"column":0},"end":{"line":75,"column":28}},"75":{"start":{"line":76,"column":0},"end":{"line":76,"column":28}},"76":{"start":{"line":77,"column":0},"end":{"line":77,"column":20}},"77":{"start":{"line":78,"column":0},"end":{"line":78,"column":22}},"78":{"start":{"line":79,"column":0},"end":{"line":79,"column":41}},"79":{"start":{"line":80,"column":0},"end":{"line":80,"column":48}},"80":{"start":{"line":81,"column":0},"end":{"line":81,"column":40}},"81":{"start":{"line":82,"column":0},"end":{"line":82,"column":37}},"82":{"start":{"line":83,"column":0},"end":{"line":83,"column":14}},"83":{"start":{"line":84,"column":0},"end":{"line":84,"column":12}},"84":{"start":{"line":85,"column":0},"end":{"line":85,"column":58}},"85":{"start":{"line":86,"column":0},"end":{"line":86,"column":26}},"86":{"start":{"line":87,"column":0},"end":{"line":87,"column":11}},"87":{"start":{"line":88,"column":0},"end":{"line":88,"column":8}},"88":{"start":{"line":89,"column":0},"end":{"line":89,"column":0}},"89":{"start":{"line":90,"column":0},"end":{"line":90,"column":26}},"90":{"start":{"line":91,"column":0},"end":{"line":91,"column":47}},"91":{"start":{"line":92,"column":0},"end":{"line":92,"column":42}},"92":{"start":{"line":93,"column":0},"end":{"line":93,"column":18}},"93":{"start":{"line":94,"column":0},"end":{"line":94,"column":20}},"94":{"start":{"line":95,"column":0},"end":{"line":95,"column":39}},"95":{"start":{"line":96,"column":0},"end":{"line":96,"column":56}},"96":{"start":{"line":97,"column":0},"end":{"line":97,"column":14}},"97":{"start":{"line":98,"column":0},"end":{"line":98,"column":12}},"98":{"start":{"line":99,"column":0},"end":{"line":99,"column":11}},"99":{"start":{"line":100,"column":0},"end":{"line":100,"column":7}},"100":{"start":{"line":101,"column":0},"end":{"line":101,"column":5}},"101":{"start":{"line":102,"column":0},"end":{"line":102,"column":25}},"102":{"start":{"line":103,"column":0},"end":{"line":103,"column":53}},"103":{"start":{"line":104,"column":0},"end":{"line":104,"column":31}},"104":{"start":{"line":105,"column":0},"end":{"line":105,"column":29}},"105":{"start":{"line":106,"column":0},"end":{"line":106,"column":72}},"106":{"start":{"line":107,"column":0},"end":{"line":107,"column":9}},"107":{"start":{"line":108,"column":0},"end":{"line":108,"column":48}},"108":{"start":{"line":109,"column":0},"end":{"line":109,"column":59}},"109":{"start":{"line":110,"column":0},"end":{"line":110,"column":0}},"110":{"start":{"line":111,"column":0},"end":{"line":111,"column":54}},"111":{"start":{"line":112,"column":0},"end":{"line":112,"column":22}},"112":{"start":{"line":113,"column":0},"end":{"line":113,"column":24}},"113":{"start":{"line":114,"column":0},"end":{"line":114,"column":46}},"114":{"start":{"line":115,"column":0},"end":{"line":115,"column":48}},"115":{"start":{"line":116,"column":0},"end":{"line":116,"column":40}},"116":{"start":{"line":117,"column":0},"end":{"line":117,"column":0}},"117":{"start":{"line":118,"column":0},"end":{"line":118,"column":50}},"118":{"start":{"line":119,"column":0},"end":{"line":119,"column":71}},"119":{"start":{"line":120,"column":0},"end":{"line":120,"column":61}},"120":{"start":{"line":121,"column":0},"end":{"line":121,"column":28}},"121":{"start":{"line":122,"column":0},"end":{"line":122,"column":8}},"122":{"start":{"line":123,"column":0},"end":{"line":123,"column":5}},"123":{"start":{"line":124,"column":0},"end":{"line":124,"column":3}},"124":{"start":{"line":125,"column":0},"end":{"line":125,"column":2}},"125":{"start":{"line":126,"column":0},"end":{"line":126,"column":0}},"126":{"start":{"line":127,"column":0},"end":{"line":127,"column":24}}},"s":{"0":1,"1":1,"2":1,"3":1,"4":1,"5":1,"6":1,"7":1,"8":1,"9":1,"10":1,"11":1,"12":1,"13":1,"14":1,"15":1,"16":1,"17":1,"18":1,"19":1,"20":1,"21":1,"22":1,"23":1,"24":1,"25":1,"26":1,"27":1,"28":1,"29":1,"30":1,"31":4,"32":0,"33":4,"34":4,"35":1,"36":1,"37":9,"38":9,"39":9,"40":9,"41":9,"42":9,"43":1,"44":1,"45":1,"46":1,"47":4,"48":4,"49":4,"50":4,"51":4,"52":4,"53":4,"54":4,"55":4,"56":4,"57":4,"58":4,"59":4,"60":19,"61":19,"62":19,"63":19,"64":19,"65":19,"66":19,"67":19,"68":19,"69":19,"70":19,"71":4,"72":4,"73":2,"74":2,"75":2,"76":2,"77":2,"78":2,"79":2,"80":2,"81":2,"82":2,"83":2,"84":2,"85":2,"86":2,"87":2,"88":4,"89":4,"90":7,"91":7,"92":7,"93":7,"94":7,"95":7,"96":7,"97":7,"98":7,"99":4,"100":1,"101":1,"102":1,"103":1,"104":46,"105":46,"106":46,"107":1,"108":4,"109":4,"110":4,"111":4,"112":4,"113":0,"114":0,"115":0,"116":4,"117":4,"118":4,"119":4,"120":4,"121":4,"122":1,"123":1,"124":1,"125":1,"126":1},"branchMap":{"0":{"type":"branch","line":31,"loc":{"start":{"line":31,"column":24},"end":{"line":35,"column":2}},"locations":[{"start":{"line":31,"column":24},"end":{"line":35,"column":2}}]},"1":{"type":"branch","line":32,"loc":{"start":{"line":32,"column":26},"end":{"line":32,"column":61}},"locations":[{"start":{"line":32,"column":26},"end":{"line":32,"column":61}}]},"2":{"type":"branch","line":32,"loc":{"start":{"line":32,"column":61},"end":{"line":33,"column":12}},"locations":[{"start":{"line":32,"column":61},"end":{"line":33,"column":12}}]},"3":{"type":"branch","line":37,"loc":{"start":{"line":37,"column":24},"end":{"line":43,"column":2}},"locations":[{"start":{"line":37,"column":24},"end":{"line":43,"column":2}}]},"4":{"type":"branch","line":47,"loc":{"start":{"line":47,"column":4},"end":{"line":100,"column":7}},"locations":[{"start":{"line":47,"column":4},"end":{"line":100,"column":7}}]},"5":{"type":"branch","line":51,"loc":{"start":{"line":51,"column":12},"end":{"line":57,"column":12}},"locations":[{"start":{"line":51,"column":12},"end":{"line":57,"column":12}}]},"6":{"type":"branch","line":60,"loc":{"start":{"line":60,"column":19},"end":{"line":71,"column":11}},"locations":[{"start":{"line":60,"column":19},"end":{"line":71,"column":11}}]},"7":{"type":"branch","line":61,"loc":{"start":{"line":61,"column":12},"end":{"line":71,"column":11}},"locations":[{"start":{"line":61,"column":12},"end":{"line":71,"column":11}}]},"8":{"type":"branch","line":67,"loc":{"start":{"line":67,"column":39},"end":{"line":67,"column":77}},"locations":[{"start":{"line":67,"column":39},"end":{"line":67,"column":77}}]},"9":{"type":"branch","line":68,"loc":{"start":{"line":68,"column":12},"end":{"line":68,"column":35}},"locations":[{"start":{"line":68,"column":12},"end":{"line":68,"column":35}}]},"10":{"type":"branch","line":73,"loc":{"start":{"line":73,"column":24},"end":{"line":88,"column":8}},"locations":[{"start":{"line":73,"column":24},"end":{"line":88,"column":8}}]},"11":{"type":"branch","line":74,"loc":{"start":{"line":74,"column":12},"end":{"line":87,"column":11}},"locations":[{"start":{"line":74,"column":12},"end":{"line":87,"column":11}}]},"12":{"type":"branch","line":79,"loc":{"start":{"line":79,"column":38},"end":{"line":80,"column":37}},"locations":[{"start":{"line":79,"column":38},"end":{"line":80,"column":37}}]},"13":{"type":"branch","line":80,"loc":{"start":{"line":80,"column":37},"end":{"line":81,"column":39}},"locations":[{"start":{"line":80,"column":37},"end":{"line":81,"column":39}}]},"14":{"type":"branch","line":90,"loc":{"start":{"line":90,"column":16},"end":{"line":99,"column":11}},"locations":[{"start":{"line":90,"column":16},"end":{"line":99,"column":11}}]},"15":{"type":"branch","line":91,"loc":{"start":{"line":91,"column":12},"end":{"line":99,"column":11}},"locations":[{"start":{"line":91,"column":12},"end":{"line":99,"column":11}}]},"16":{"type":"branch","line":96,"loc":{"start":{"line":96,"column":32},"end":{"line":96,"column":48}},"locations":[{"start":{"line":96,"column":32},"end":{"line":96,"column":48}}]},"17":{"type":"branch","line":103,"loc":{"start":{"line":103,"column":33},"end":{"line":103,"column":53}},"locations":[{"start":{"line":103,"column":33},"end":{"line":103,"column":53}}]},"18":{"type":"branch","line":104,"loc":{"start":{"line":104,"column":18},"end":{"line":107,"column":9}},"locations":[{"start":{"line":104,"column":18},"end":{"line":107,"column":9}}]},"19":{"type":"branch","line":108,"loc":{"start":{"line":108,"column":13},"end":{"line":122,"column":8}},"locations":[{"start":{"line":108,"column":13},"end":{"line":122,"column":8}}]},"20":{"type":"branch","line":113,"loc":{"start":{"line":113,"column":10},"end":{"line":116,"column":40}},"locations":[{"start":{"line":113,"column":10},"end":{"line":116,"column":40}}]},"21":{"type":"branch","line":119,"loc":{"start":{"line":119,"column":30},"end":{"line":119,"column":51}},"locations":[{"start":{"line":119,"column":30},"end":{"line":119,"column":51}}]}},"b":{"0":[4],"1":[0],"2":[0],"3":[9],"4":[4],"5":[4],"6":[19],"7":[19],"8":[14],"9":[4],"10":[2],"11":[2],"12":[1],"13":[1],"14":[7],"15":[7],"16":[0],"17":[4],"18":[46],"19":[4],"20":[0],"21":[0]},"fnMap":{"0":{"name":"getDefaultTheme","decl":{"start":{"line":31,"column":24},"end":{"line":35,"column":2}},"loc":{"start":{"line":31,"column":24},"end":{"line":35,"column":2}},"line":31},"1":{"name":"handleBodyTheme","decl":{"start":{"line":37,"column":24},"end":{"line":43,"column":2}},"loc":{"start":{"line":37,"column":24},"end":{"line":43,"column":2}},"line":37},"2":{"name":"__vite_ssr_import_0__.create.__vite_ssr_import_1__.persist.name","decl":{"start":{"line":47,"column":4},"end":{"line":100,"column":7}},"loc":{"start":{"line":47,"column":4},"end":{"line":100,"column":7}},"line":47},"3":{"name":"handleClick","decl":{"start":{"line":60,"column":19},"end":{"line":71,"column":11}},"loc":{"start":{"line":60,"column":19},"end":{"line":71,"column":11}},"line":60},"4":{"name":"clearProgressBar","decl":{"start":{"line":73,"column":24},"end":{"line":88,"column":8}},"loc":{"start":{"line":73,"column":24},"end":{"line":88,"column":8}},"line":73},"5":{"name":"setTheme","decl":{"start":{"line":90,"column":16},"end":{"line":99,"column":11}},"loc":{"start":{"line":90,"column":16},"end":{"line":99,"column":11}},"line":90},"6":{"name":"partialize","decl":{"start":{"line":104,"column":18},"end":{"line":107,"column":9}},"loc":{"start":{"line":104,"column":18},"end":{"line":107,"column":9}},"line":104},"7":{"name":"merge","decl":{"start":{"line":108,"column":13},"end":{"line":122,"column":8}},"loc":{"start":{"line":108,"column":13},"end":{"line":122,"column":8}},"line":108}},"f":{"0":4,"1":9,"2":4,"3":19,"4":2,"5":7,"6":46,"7":4}}
,"D:\\DEV\\EDU\\Clicker\\src\\Components\\FireSpawner\\FireSpawner.tsx": {"path":"D:\\DEV\\EDU\\Clicker\\src\\Components\\FireSpawner\\FireSpawner.tsx","all":false,"statementMap":{"0":{"start":{"line":1,"column":0},"end":{"line":1,"column":45}},"1":{"start":{"line":2,"column":0},"end":{"line":2,"column":57}},"2":{"start":{"line":3,"column":0},"end":{"line":3,"column":35}},"3":{"start":{"line":4,"column":0},"end":{"line":4,"column":51}},"4":{"start":{"line":5,"column":0},"end":{"line":5,"column":28}},"5":{"start":{"line":6,"column":0},"end":{"line":6,"column":0}},"6":{"start":{"line":7,"column":0},"end":{"line":7,"column":24}},"7":{"start":{"line":8,"column":0},"end":{"line":8,"column":56}},"8":{"start":{"line":9,"column":0},"end":{"line":9,"column":34}},"9":{"start":{"line":10,"column":0},"end":{"line":10,"column":37}},"10":{"start":{"line":11,"column":0},"end":{"line":11,"column":73}},"11":{"start":{"line":12,"column":0},"end":{"line":12,"column":4}},"12":{"start":{"line":13,"column":0},"end":{"line":13,"column":0}},"13":{"start":{"line":14,"column":0},"end":{"line":14,"column":35}},"14":{"start":{"line":15,"column":0},"end":{"line":15,"column":50}},"15":{"start":{"line":16,"column":0},"end":{"line":16,"column":45}},"16":{"start":{"line":17,"column":0},"end":{"line":17,"column":18}},"17":{"start":{"line":18,"column":0},"end":{"line":18,"column":4}},"18":{"start":{"line":19,"column":0},"end":{"line":19,"column":0}},"19":{"start":{"line":20,"column":0},"end":{"line":20,"column":25}},"20":{"start":{"line":21,"column":0},"end":{"line":21,"column":20}},"21":{"start":{"line":22,"column":0},"end":{"line":22,"column":39}},"22":{"start":{"line":23,"column":0},"end":{"line":23,"column":24}},"23":{"start":{"line":24,"column":0},"end":{"line":24,"column":14}},"24":{"start":{"line":25,"column":0},"end":{"line":25,"column":10}},"25":{"start":{"line":26,"column":0},"end":{"line":26,"column":37}},"26":{"start":{"line":27,"column":0},"end":{"line":27,"column":22}},"27":{"start":{"line":28,"column":0},"end":{"line":28,"column":27}},"28":{"start":{"line":29,"column":0},"end":{"line":29,"column":50}},"29":{"start":{"line":30,"column":0},"end":{"line":30,"column":9}},"30":{"start":{"line":31,"column":0},"end":{"line":31,"column":7}},"31":{"start":{"line":32,"column":0},"end":{"line":32,"column":15}},"32":{"start":{"line":33,"column":0},"end":{"line":33,"column":11}},"33":{"start":{"line":34,"column":0},"end":{"line":34,"column":28}},"34":{"start":{"line":35,"column":0},"end":{"line":35,"column":36}},"35":{"start":{"line":36,"column":0},"end":{"line":36,"column":11}},"36":{"start":{"line":37,"column":0},"end":{"line":37,"column":10}},"37":{"start":{"line":38,"column":0},"end":{"line":38,"column":6}},"38":{"start":{"line":39,"column":0},"end":{"line":39,"column":4}},"39":{"start":{"line":40,"column":0},"end":{"line":40,"column":0}},"40":{"start":{"line":41,"column":0},"end":{"line":41,"column":19}},"41":{"start":{"line":42,"column":0},"end":{"line":42,"column":44}},"42":{"start":{"line":43,"column":0},"end":{"line":43,"column":15}},"43":{"start":{"line":44,"column":0},"end":{"line":44,"column":0}},"44":{"start":{"line":45,"column":0},"end":{"line":45,"column":52}},"45":{"start":{"line":46,"column":0},"end":{"line":46,"column":1}},"46":{"start":{"line":47,"column":0},"end":{"line":47,"column":0}},"47":{"start":{"line":48,"column":0},"end":{"line":48,"column":27}}},"s":{"0":1,"1":1,"2":1,"3":1,"4":1,"5":1,"6":32,"7":32,"8":32,"9":32,"10":32,"11":32,"12":32,"13":32,"14":13,"15":13,"16":13,"17":13,"18":32,"19":32,"20":13,"21":13,"22":13,"23":13,"24":13,"25":13,"26":13,"27":13,"28":13,"29":13,"30":13,"31":13,"32":13,"33":13,"34":13,"35":13,"36":13,"37":13,"38":13,"39":32,"40":32,"41":16,"42":32,"43":32,"44":32,"45":32,"46":1,"47":1},"branchMap":{"0":{"type":"branch","line":7,"loc":{"start":{"line":7,"column":0},"end":{"line":46,"column":1}},"locations":[{"start":{"line":7,"column":0},"end":{"line":46,"column":1}}]},"1":{"type":"branch","line":11,"loc":{"start":{"line":11,"column":15},"end":{"line":11,"column":73}},"locations":[{"start":{"line":11,"column":15},"end":{"line":11,"column":73}}]},"2":{"type":"branch","line":14,"loc":{"start":{"line":14,"column":28},"end":{"line":18,"column":4}},"locations":[{"start":{"line":14,"column":28},"end":{"line":18,"column":4}}]},"3":{"type":"branch","line":20,"loc":{"start":{"line":20,"column":18},"end":{"line":39,"column":4}},"locations":[{"start":{"line":20,"column":18},"end":{"line":39,"column":4}}]},"4":{"type":"branch","line":23,"loc":{"start":{"line":23,"column":13},"end":{"line":31,"column":7}},"locations":[{"start":{"line":23,"column":13},"end":{"line":31,"column":7}}]},"5":{"type":"branch","line":33,"loc":{"start":{"line":33,"column":6},"end":{"line":36,"column":11}},"locations":[{"start":{"line":33,"column":6},"end":{"line":36,"column":11}}]},"6":{"type":"branch","line":34,"loc":{"start":{"line":34,"column":17},"end":{"line":36,"column":11}},"locations":[{"start":{"line":34,"column":17},"end":{"line":36,"column":11}}]},"7":{"type":"branch","line":41,"loc":{"start":{"line":41,"column":12},"end":{"line":43,"column":5}},"locations":[{"start":{"line":41,"column":12},"end":{"line":43,"column":5}}]},"8":{"type":"branch","line":42,"loc":{"start":{"line":42,"column":34},"end":{"line":42,"column":44}},"locations":[{"start":{"line":42,"column":34},"end":{"line":42,"column":44}}]}},"b":{"0":[32],"1":[51],"2":[13],"3":[13],"4":[13],"5":[13],"6":[13],"7":[16],"8":[13]},"fnMap":{"0":{"name":"FireSpawner","decl":{"start":{"line":7,"column":0},"end":{"line":46,"column":1}},"loc":{"start":{"line":7,"column":0},"end":{"line":46,"column":1}},"line":7},"1":{"name":"getRandomPosition","decl":{"start":{"line":14,"column":28},"end":{"line":18,"column":4}},"loc":{"start":{"line":14,"column":28},"end":{"line":18,"column":4}},"line":14},"2":{"name":"addIcon","decl":{"start":{"line":20,"column":18},"end":{"line":39,"column":4}},"loc":{"start":{"line":20,"column":18},"end":{"line":39,"column":4}},"line":20}},"f":{"0":32,"1":13,"2":13}}
,"D:\\DEV\\EDU\\Clicker\\src\\Components\\Footer\\index.tsx": {"path":"D:\\DEV\\EDU\\Clicker\\src\\Components\\Footer\\index.tsx","all":false,"statementMap":{"0":{"start":{"line":1,"column":0},"end":{"line":1,"column":52}},"1":{"start":{"line":2,"column":0},"end":{"line":2,"column":35}},"2":{"start":{"line":3,"column":0},"end":{"line":3,"column":23}},"3":{"start":{"line":4,"column":0},"end":{"line":4,"column":0}},"4":{"start":{"line":5,"column":0},"end":{"line":5,"column":23}},"5":{"start":{"line":6,"column":0},"end":{"line":6,"column":10}},"6":{"start":{"line":7,"column":0},"end":{"line":7,"column":37}},"7":{"start":{"line":8,"column":0},"end":{"line":8,"column":57}},"8":{"start":{"line":9,"column":0},"end":{"line":9,"column":10}},"9":{"start":{"line":10,"column":0},"end":{"line":10,"column":4}},"10":{"start":{"line":11,"column":0},"end":{"line":11,"column":2}},"11":{"start":{"line":12,"column":0},"end":{"line":12,"column":0}},"12":{"start":{"line":13,"column":0},"end":{"line":13,"column":69}},"13":{"start":{"line":14,"column":0},"end":{"line":14,"column":10}},"14":{"start":{"line":15,"column":0},"end":{"line":15,"column":38}},"15":{"start":{"line":16,"column":0},"end":{"line":16,"column":53}},"16":{"start":{"line":17,"column":0},"end":{"line":17,"column":12}},"17":{"start":{"line":18,"column":0},"end":{"line":18,"column":52}},"18":{"start":{"line":19,"column":0},"end":{"line":19,"column":18}},"19":{"start":{"line":20,"column":0},"end":{"line":20,"column":70}},"20":{"start":{"line":21,"column":0},"end":{"line":21,"column":12}},"21":{"start":{"line":22,"column":0},"end":{"line":22,"column":15}},"22":{"start":{"line":23,"column":0},"end":{"line":23,"column":12}},"23":{"start":{"line":24,"column":0},"end":{"line":24,"column":71}},"24":{"start":{"line":25,"column":0},"end":{"line":25,"column":10}},"25":{"start":{"line":26,"column":0},"end":{"line":26,"column":4}},"26":{"start":{"line":27,"column":0},"end":{"line":27,"column":2}},"27":{"start":{"line":28,"column":0},"end":{"line":28,"column":0}},"28":{"start":{"line":29,"column":0},"end":{"line":29,"column":29}},"29":{"start":{"line":30,"column":0},"end":{"line":30,"column":56}},"30":{"start":{"line":31,"column":0},"end":{"line":31,"column":53}},"31":{"start":{"line":32,"column":0},"end":{"line":32,"column":50}},"32":{"start":{"line":33,"column":0},"end":{"line":33,"column":73}},"33":{"start":{"line":34,"column":0},"end":{"line":34,"column":0}},"34":{"start":{"line":35,"column":0},"end":{"line":35,"column":34}},"35":{"start":{"line":36,"column":0},"end":{"line":36,"column":25}},"36":{"start":{"line":37,"column":0},"end":{"line":37,"column":47}},"37":{"start":{"line":38,"column":0},"end":{"line":38,"column":27}},"38":{"start":{"line":39,"column":0},"end":{"line":39,"column":25}},"39":{"start":{"line":40,"column":0},"end":{"line":40,"column":13}},"40":{"start":{"line":41,"column":0},"end":{"line":41,"column":4}},"41":{"start":{"line":42,"column":0},"end":{"line":42,"column":0}},"42":{"start":{"line":43,"column":0},"end":{"line":43,"column":19}},"43":{"start":{"line":44,"column":0},"end":{"line":44,"column":27}},"44":{"start":{"line":45,"column":0},"end":{"line":45,"column":33}},"45":{"start":{"line":46,"column":0},"end":{"line":46,"column":29}},"46":{"start":{"line":47,"column":0},"end":{"line":47,"column":45}},"47":{"start":{"line":48,"column":0},"end":{"line":48,"column":7}},"48":{"start":{"line":49,"column":0},"end":{"line":49,"column":0}},"49":{"start":{"line":50,"column":0},"end":{"line":50,"column":46}},"50":{"start":{"line":51,"column":0},"end":{"line":51,"column":76}},"51":{"start":{"line":52,"column":0},"end":{"line":52,"column":5}},"52":{"start":{"line":53,"column":0},"end":{"line":53,"column":0}},"53":{"start":{"line":54,"column":0},"end":{"line":54,"column":18}},"54":{"start":{"line":55,"column":0},"end":{"line":55,"column":46}},"55":{"start":{"line":56,"column":0},"end":{"line":56,"column":43}},"56":{"start":{"line":57,"column":0},"end":{"line":57,"column":6}},"57":{"start":{"line":58,"column":0},"end":{"line":58,"column":21}},"58":{"start":{"line":59,"column":0},"end":{"line":59,"column":10}},"59":{"start":{"line":60,"column":0},"end":{"line":60,"column":6}},"60":{"start":{"line":61,"column":0},"end":{"line":61,"column":49}},"61":{"start":{"line":62,"column":0},"end":{"line":62,"column":43}},"62":{"start":{"line":63,"column":0},"end":{"line":63,"column":7}},"63":{"start":{"line":64,"column":0},"end":{"line":64,"column":4}},"64":{"start":{"line":65,"column":0},"end":{"line":65,"column":2}},"65":{"start":{"line":66,"column":0},"end":{"line":66,"column":0}},"66":{"start":{"line":67,"column":0},"end":{"line":67,"column":29}}},"s":{"0":1,"1":1,"2":1,"3":1,"4":1,"5":2,"6":2,"7":2,"8":2,"9":2,"10":2,"11":1,"12":1,"13":10,"14":10,"15":10,"16":10,"17":10,"18":10,"19":10,"20":10,"21":10,"22":10,"23":10,"24":10,"25":10,"26":10,"27":1,"28":1,"29":11,"30":11,"31":11,"32":11,"33":11,"34":11,"35":2,"36":2,"37":1,"38":1,"39":2,"40":2,"41":11,"42":11,"43":8,"44":4,"45":1,"46":1,"47":1,"48":4,"49":4,"50":4,"51":4,"52":8,"53":8,"54":8,"55":8,"56":8,"57":11,"58":11,"59":11,"60":11,"61":11,"62":11,"63":11,"64":11,"65":1,"66":1},"branchMap":{"0":{"type":"branch","line":5,"loc":{"start":{"line":5,"column":16},"end":{"line":11,"column":2}},"locations":[{"start":{"line":5,"column":16},"end":{"line":11,"column":2}}]},"1":{"type":"branch","line":13,"loc":{"start":{"line":13,"column":20},"end":{"line":27,"column":2}},"locations":[{"start":{"line":13,"column":20},"end":{"line":27,"column":2}}]},"2":{"type":"branch","line":20,"loc":{"start":{"line":20,"column":50},"end":{"line":20,"column":67}},"locations":[{"start":{"line":20,"column":50},"end":{"line":20,"column":67}}]},"3":{"type":"branch","line":29,"loc":{"start":{"line":29,"column":22},"end":{"line":65,"column":2}},"locations":[{"start":{"line":29,"column":22},"end":{"line":65,"column":2}}]},"4":{"type":"branch","line":35,"loc":{"start":{"line":35,"column":27},"end":{"line":41,"column":4}},"locations":[{"start":{"line":35,"column":27},"end":{"line":41,"column":4}}]},"5":{"type":"branch","line":37,"loc":{"start":{"line":37,"column":40},"end":{"line":40,"column":7}},"locations":[{"start":{"line":37,"column":40},"end":{"line":40,"column":7}}]},"6":{"type":"branch","line":43,"loc":{"start":{"line":43,"column":12},"end":{"line":58,"column":5}},"locations":[{"start":{"line":43,"column":12},"end":{"line":58,"column":5}}]},"7":{"type":"branch","line":44,"loc":{"start":{"line":44,"column":26},"end":{"line":52,"column":5}},"locations":[{"start":{"line":44,"column":26},"end":{"line":52,"column":5}}]},"8":{"type":"branch","line":45,"loc":{"start":{"line":45,"column":32},"end":{"line":48,"column":7}},"locations":[{"start":{"line":45,"column":32},"end":{"line":48,"column":7}}]},"9":{"type":"branch","line":51,"loc":{"start":{"line":51,"column":45},"end":{"line":51,"column":71}},"locations":[{"start":{"line":51,"column":45},"end":{"line":51,"column":71}}]},"10":{"type":"branch","line":54,"loc":{"start":{"line":54,"column":11},"end":{"line":57,"column":6}},"locations":[{"start":{"line":54,"column":11},"end":{"line":57,"column":6}}]}},"b":{"0":[2],"1":[10],"2":[0],"3":[11],"4":[2],"5":[1],"6":[8],"7":[4],"8":[1],"9":[2],"10":[8]},"fnMap":{"0":{"name":"Timebar","decl":{"start":{"line":5,"column":16},"end":{"line":11,"column":2}},"loc":{"start":{"line":5,"column":16},"end":{"line":11,"column":2}},"line":5},"1":{"name":"ProgressBar","decl":{"start":{"line":13,"column":20},"end":{"line":27,"column":2}},"loc":{"start":{"line":13,"column":20},"end":{"line":27,"column":2}},"line":13},"2":{"name":"FooterContent","decl":{"start":{"line":29,"column":22},"end":{"line":65,"column":2}},"loc":{"start":{"line":29,"column":22},"end":{"line":65,"column":2}},"line":29},"3":{"name":"handleInactivity","decl":{"start":{"line":35,"column":27},"end":{"line":41,"column":4}},"loc":{"start":{"line":35,"column":27},"end":{"line":41,"column":4}},"line":35}},"f":{"0":2,"1":10,"2":11,"3":2}}
,"D:\\DEV\\EDU\\Clicker\\src\\Components\\Header\\ThemeToggler.tsx": {"path":"D:\\DEV\\EDU\\Clicker\\src\\Components\\Header\\ThemeToggler.tsx","all":false,"statementMap":{"0":{"start":{"line":1,"column":0},"end":{"line":1,"column":35}},"1":{"start":{"line":2,"column":0},"end":{"line":2,"column":43}},"2":{"start":{"line":3,"column":0},"end":{"line":3,"column":45}},"3":{"start":{"line":4,"column":0},"end":{"line":4,"column":51}},"4":{"start":{"line":5,"column":0},"end":{"line":5,"column":0}},"5":{"start":{"line":6,"column":0},"end":{"line":6,"column":40}},"6":{"start":{"line":7,"column":0},"end":{"line":7,"column":39}},"7":{"start":{"line":8,"column":0},"end":{"line":8,"column":77}},"8":{"start":{"line":9,"column":0},"end":{"line":9,"column":4}},"9":{"start":{"line":10,"column":0},"end":{"line":10,"column":0}},"10":{"start":{"line":11,"column":0},"end":{"line":11,"column":29}},"11":{"start":{"line":12,"column":0},"end":{"line":12,"column":59}},"12":{"start":{"line":13,"column":0},"end":{"line":13,"column":4}},"13":{"start":{"line":14,"column":0},"end":{"line":14,"column":0}},"14":{"start":{"line":15,"column":0},"end":{"line":15,"column":10}},"15":{"start":{"line":16,"column":0},"end":{"line":16,"column":72}},"16":{"start":{"line":17,"column":0},"end":{"line":17,"column":10}},"17":{"start":{"line":18,"column":0},"end":{"line":18,"column":60}},"18":{"start":{"line":19,"column":0},"end":{"line":19,"column":43}},"19":{"start":{"line":20,"column":0},"end":{"line":20,"column":8}},"20":{"start":{"line":21,"column":0},"end":{"line":21,"column":13}},"21":{"start":{"line":22,"column":0},"end":{"line":22,"column":4}},"22":{"start":{"line":23,"column":0},"end":{"line":23,"column":1}}},"s":{"0":1,"1":1,"2":1,"3":1,"4":1,"5":1,"6":7,"7":7,"8":7,"9":7,"10":7,"11":3,"12":3,"13":7,"14":7,"15":7,"16":7,"17":7,"18":7,"19":7,"20":7,"21":7,"22":7},"branchMap":{"0":{"type":"branch","line":6,"loc":{"start":{"line":6,"column":15},"end":{"line":23,"column":1}},"locations":[{"start":{"line":6,"column":15},"end":{"line":23,"column":1}}]},"1":{"type":"branch","line":18,"loc":{"start":{"line":18,"column":31},"end":{"line":18,"column":52}},"locations":[{"start":{"line":18,"column":31},"end":{"line":18,"column":52}}]},"2":{"type":"branch","line":18,"loc":{"start":{"line":18,"column":41},"end":{"line":18,"column":60}},"locations":[{"start":{"line":18,"column":41},"end":{"line":18,"column":60}}]},"3":{"type":"branch","line":8,"loc":{"start":{"line":8,"column":15},"end":{"line":8,"column":77}},"locations":[{"start":{"line":8,"column":15},"end":{"line":8,"column":77}}]},"4":{"type":"branch","line":11,"loc":{"start":{"line":11,"column":22},"end":{"line":13,"column":4}},"locations":[{"start":{"line":11,"column":22},"end":{"line":13,"column":4}}]},"5":{"type":"branch","line":12,"loc":{"start":{"line":12,"column":31},"end":{"line":12,"column":50}},"locations":[{"start":{"line":12,"column":31},"end":{"line":12,"column":50}}]},"6":{"type":"branch","line":12,"loc":{"start":{"line":12,"column":41},"end":{"line":12,"column":59}},"locations":[{"start":{"line":12,"column":41},"end":{"line":12,"column":59}}]}},"b":{"0":[7],"1":[3],"2":[4],"3":[14],"4":[3],"5":[2],"6":[1]},"fnMap":{"0":{"name":"ThemeToggler","decl":{"start":{"line":6,"column":15},"end":{"line":23,"column":1}},"loc":{"start":{"line":6,"column":15},"end":{"line":23,"column":1}},"line":6},"1":{"name":"toggleTheme","decl":{"start":{"line":11,"column":22},"end":{"line":13,"column":4}},"loc":{"start":{"line":11,"column":22},"end":{"line":13,"column":4}},"line":11}},"f":{"0":7,"1":3}}
,"D:\\DEV\\EDU\\Clicker\\src\\Components\\Main\\index.tsx": {"path":"D:\\DEV\\EDU\\Clicker\\src\\Components\\Main\\index.tsx","all":false,"statementMap":{"0":{"start":{"line":1,"column":0},"end":{"line":1,"column":21}},"1":{"start":{"line":2,"column":0},"end":{"line":2,"column":35}},"2":{"start":{"line":3,"column":0},"end":{"line":3,"column":51}},"3":{"start":{"line":4,"column":0},"end":{"line":4,"column":0}},"4":{"start":{"line":5,"column":0},"end":{"line":5,"column":30}},"5":{"start":{"line":6,"column":0},"end":{"line":6,"column":43}},"6":{"start":{"line":7,"column":0},"end":{"line":7,"column":28}},"7":{"start":{"line":8,"column":0},"end":{"line":8,"column":27}},"8":{"start":{"line":9,"column":0},"end":{"line":9,"column":37}},"9":{"start":{"line":10,"column":0},"end":{"line":10,"column":7}},"10":{"start":{"line":11,"column":0},"end":{"line":11,"column":4}},"11":{"start":{"line":12,"column":0},"end":{"line":12,"column":0}},"12":{"start":{"line":13,"column":0},"end":{"line":13,"column":32}},"13":{"start":{"line":14,"column":0},"end":{"line":14,"column":36}},"14":{"start":{"line":15,"column":0},"end":{"line":15,"column":38}},"15":{"start":{"line":16,"column":0},"end":{"line":16,"column":37}},"16":{"start":{"line":17,"column":0},"end":{"line":17,"column":0}},"17":{"start":{"line":18,"column":0},"end":{"line":18,"column":26}},"18":{"start":{"line":19,"column":0},"end":{"line":19,"column":59}},"19":{"start":{"line":20,"column":0},"end":{"line":20,"column":24}},"20":{"start":{"line":21,"column":0},"end":{"line":21,"column":5}},"21":{"start":{"line":22,"column":0},"end":{"line":22,"column":51}},"22":{"start":{"line":23,"column":0},"end":{"line":23,"column":12}},"23":{"start":{"line":24,"column":0},"end":{"line":24,"column":12}},"24":{"start":{"line":25,"column":0},"end":{"line":25,"column":31}},"25":{"start":{"line":26,"column":0},"end":{"line":26,"column":6}},"26":{"start":{"line":27,"column":0},"end":{"line":27,"column":4}},"27":{"start":{"line":28,"column":0},"end":{"line":28,"column":0}},"28":{"start":{"line":29,"column":0},"end":{"line":29,"column":10}},"29":{"start":{"line":30,"column":0},"end":{"line":30,"column":29}},"30":{"start":{"line":31,"column":0},"end":{"line":31,"column":43}},"31":{"start":{"line":32,"column":0},"end":{"line":32,"column":61}},"32":{"start":{"line":33,"column":0},"end":{"line":33,"column":14}},"33":{"start":{"line":34,"column":0},"end":{"line":34,"column":72}},"34":{"start":{"line":35,"column":0},"end":{"line":35,"column":18}},"35":{"start":{"line":36,"column":0},"end":{"line":36,"column":15}},"36":{"start":{"line":37,"column":0},"end":{"line":37,"column":11}},"37":{"start":{"line":38,"column":0},"end":{"line":38,"column":66}},"38":{"start":{"line":39,"column":0},"end":{"line":39,"column":13}},"39":{"start":{"line":40,"column":0},"end":{"line":40,"column":15}},"40":{"start":{"line":41,"column":0},"end":{"line":41,"column":10}},"41":{"start":{"line":42,"column":0},"end":{"line":42,"column":4}},"42":{"start":{"line":43,"column":0},"end":{"line":43,"column":2}},"43":{"start":{"line":44,"column":0},"end":{"line":44,"column":0}},"44":{"start":{"line":45,"column":0},"end":{"line":45,"column":23}}},"s":{"0":1,"1":1,"2":1,"3":1,"4":1,"5":2,"6":2,"7":3,"8":3,"9":3,"10":2,"11":2,"12":2,"13":2,"14":2,"15":2,"16":2,"17":2,"18":2,"19":0,"20":0,"21":2,"22":2,"23":2,"24":2,"25":2,"26":2,"27":2,"28":2,"29":2,"30":2,"31":2,"32":2,"33":2,"34":2,"35":2,"36":2,"37":2,"38":2,"39":2,"40":2,"41":2,"42":2,"43":1,"44":1},"branchMap":{"0":{"type":"branch","line":5,"loc":{"start":{"line":5,"column":23},"end":{"line":43,"column":2}},"locations":[{"start":{"line":5,"column":23},"end":{"line":43,"column":2}}]},"1":{"type":"branch","line":7,"loc":{"start":{"line":7,"column":15},"end":{"line":10,"column":7}},"locations":[{"start":{"line":7,"column":15},"end":{"line":10,"column":7}}]},"2":{"type":"branch","line":13,"loc":{"start":{"line":13,"column":25},"end":{"line":27,"column":4}},"locations":[{"start":{"line":13,"column":25},"end":{"line":27,"column":4}}]},"3":{"type":"branch","line":19,"loc":{"start":{"line":19,"column":58},"end":{"line":21,"column":5}},"locations":[{"start":{"line":19,"column":58},"end":{"line":21,"column":5}}]}},"b":{"0":[2],"1":[3],"2":[2],"3":[0]},"fnMap":{"0":{"name":"Clicker","decl":{"start":{"line":5,"column":23},"end":{"line":43,"column":2}},"loc":{"start":{"line":5,"column":23},"end":{"line":43,"column":2}},"line":5},"1":{"name":"getRandomColor","decl":{"start":{"line":13,"column":25},"end":{"line":27,"column":4}},"loc":{"start":{"line":13,"column":25},"end":{"line":27,"column":4}},"line":13}},"f":{"0":2,"1":2}}
}
